0:0000.0/=============== Logging to: Liquid.log opened ================
0:0000.0/Compiling script: C:\Program Files (x86)\Microsoft SDKs\F#\4.0\Framework\v4.0\Fsc.exe --optimize- --tailcalls- --platform:anycpu -r:"System.dll" -r:"System.Core.dll" --target:library --warn:3 --warnaserror:76 --vserrors --LCID:1033 --utf8output --fullpaths --flaterrors --lib:"C:\Program Files (x86)\Microsoft SDKs\F#\4.0\Framework\v4.0" -o:"QLSA.dll" -r:"C:\Liquid\bin\Liquid1.dll" "QLSA.fsx"
0:0000.0/CSV,Good,r,Iters,p0,p1,p2,p3
0:0000.0/================== Initial probs:
0:0000.0/PE joint prob       |0000> = 1.000000000
0:0000.0/ U joint prob         |00> = 0.250000000
0:0000.0/ U joint prob         |01> = 0.250000000
0:0000.0/ U joint prob         |10> = 0.250000000
0:0000.0/ U joint prob         |11> = 0.250000000
0:0000.0/Writing: QLSA0.htm (split=33.00% scale=100.00%)
0:0000.0/Writing: QLSA0.tex (split=33.00% scale=100.00%)
0:0000.0/     Doing columns:  0 - 16
0:0000.0/     Doing columns: 16 - 31
0:0000.0/     Doing columns: 31 - 46
0:0000.0/Writing: QLSA9.htm (split=20.00% scale=33.00%)
0:0000.0/Writing: QLSA9.tex (split=20.00% scale=33.00%)
0:0000.0/     Doing columns:  0 - 56
0:0000.0/     Doing columns: 56 -112
0:0000.0/     Doing columns:112 -168
0:0000.0/     Doing columns:168 -224
0:0000.0/     Doing columns:224 -278
0:0000.0/Remove Redund: Pass 1
0:0000.0/Remove Redund: Pass 2
0:0000.0/Removed     60 redundant CNOT gates
0:0000.0/Writing: Redund.htm (split=14.29% scale=70.00%)
0:0000.0/Writing: Redund.tex (split=14.29% scale=70.00%)
0:0000.0/     Doing columns:  0 - 31
0:0000.0/     Doing columns: 31 - 63
0:0000.0/     Doing columns: 63 - 94
0:0000.0/     Doing columns: 94 -125
0:0000.0/     Doing columns:125 -157
0:0000.0/     Doing columns:157 -188
0:0000.0/     Doing columns:188 -218
0:0000.0/Top 4 eigenvalues in state vector:
0:0000.0/  0:PHI = 0.06250000 = 0.39269908 radians eigen =   1.00000000 (prob = 0.25000)
0:0000.0/  1:PHI = 0.50000000 = 3.14159265 radians eigen =   8.00000000 (prob = 0.25000)
0:0000.0/  2:PHI = 0.12500000 = 0.78539816 radians eigen =   2.00000000 (prob = 0.25000)
0:0000.0/  3:PHI = 0.25000000 = 1.57079633 radians eigen =   4.00000000 (prob = 0.25000)
0:0000.0/ 0: MEASURED a 1 for r =   0 (1/2^1.25) 
0:0000.0/================== Final probs:
0:0000.0/PE joint prob       |0000> = 0.317904310
0:0000.0/PE joint prob       |0010> = 0.055848869
0:0000.0/PE joint prob       |0100> = 0.112389229
0:0000.0/PE joint prob       |0110> = 0.055848869
0:0000.0/PE joint prob       |1000> = 0.326455193
0:0000.0/PE joint prob       |1010> = 0.009582151
0:0000.0/PE joint prob       |1100> = 0.112389229
0:0000.0/PE joint prob       |1110> = 0.009582151
0:0000.0/ X joint prob         |00> = 0.317904310
0:0000.0/ X joint prob         |01> = 0.224778458
0:0000.0/ X joint prob         |10> = 0.326455193
0:0000.0/ X joint prob         |11> = 0.130862039
0:0000.0/CSV,1,1.25,0,0.31790,0.32646,0.22478,0.13086
0:0000.0/ 0: MEASURED a 1 for r =   1 (1/2^1.50) 
0:0000.0/================== Final probs:
0:0000.0/PE joint prob       |0000> = 0.387470444
0:0000.0/PE joint prob       |0010> = 0.045969703
0:0000.0/PE joint prob       |0100> = 0.096867611
0:0000.0/PE joint prob       |0110> = 0.045969703
0:0000.0/PE joint prob       |1000> = 0.311080620
0:0000.0/PE joint prob       |1010> = 0.007887154
0:0000.0/PE joint prob       |1100> = 0.096867611
0:0000.0/PE joint prob       |1110> = 0.007887154
0:0000.0/ X joint prob         |00> = 0.387470444
0:0000.0/ X joint prob         |01> = 0.193735222
0:0000.0/ X joint prob         |10> = 0.311080620
0:0000.0/ X joint prob         |11> = 0.107713715
0:0000.0/CSV,1,1.50,0,0.38747,0.31108,0.19374,0.10771
0:0000.0/ 0: MEASURED a 1 for r =   2 (1/2^1.75) 
0:0000.0/================== Final probs:
0:0000.0/PE joint prob       |0000> = 0.433783766
0:0000.0/PE joint prob       |0010> = 0.039968457
0:0000.0/PE joint prob       |0100> = 0.086942756
0:0000.0/PE joint prob       |0110> = 0.039968457
0:0000.0/PE joint prob       |1000> = 0.298678801
0:0000.0/PE joint prob       |1010> = 0.006857503
0:0000.0/PE joint prob       |1100> = 0.086942756
0:0000.0/PE joint prob       |1110> = 0.006857503
0:0000.0/ X joint prob         |00> = 0.433783766
0:0000.0/ X joint prob         |01> = 0.173885511
0:0000.0/ X joint prob         |10> = 0.298678801
0:0000.0/ X joint prob         |11> = 0.093651921
0:0000.0/CSV,1,1.75,0,0.43378,0.29868,0.17389,0.09365
0:0000.0/ 0: MEASURED a 1 for r =   3 (1/2^2.00) 
0:0000.0/================== Final probs:
0:0000.0/PE joint prob       |0000> = 0.464803579
0:0000.0/PE joint prob       |0010> = 0.036183878
0:0000.0/PE joint prob       |0100> = 0.080470651
0:0000.0/PE joint prob       |0110> = 0.036183878
0:0000.0/PE joint prob       |1000> = 0.289471020
0:0000.0/PE joint prob       |1010> = 0.006208172
0:0000.0/PE joint prob       |1100> = 0.080470651
0:0000.0/PE joint prob       |1110> = 0.006208172
0:0000.0/ X joint prob         |00> = 0.464803579
0:0000.0/ X joint prob         |01> = 0.160941302
0:0000.0/ X joint prob         |10> = 0.289471020
0:0000.0/ X joint prob         |11> = 0.084784099
0:0000.0/CSV,1,2.00,0,0.46480,0.28947,0.16094,0.08478
0:0000.0/ 4: MEASURED a 1 for r =   4 (1/2^2.25) 
0:0000.0/================== Final probs:
0:0000.0/PE joint prob       |0000> = 0.485818436
0:0000.0/PE joint prob       |0010> = 0.033722347
0:0000.0/PE joint prob       |0100> = 0.076165148
0:0000.0/PE joint prob       |0110> = 0.033722347
0:0000.0/PE joint prob       |1000> = 0.282834894
0:0000.0/PE joint prob       |1010> = 0.005785840
0:0000.0/PE joint prob       |1100> = 0.076165148
0:0000.0/PE joint prob       |1110> = 0.005785840
0:0000.0/ X joint prob         |00> = 0.485818436
0:0000.0/ X joint prob         |01> = 0.152330295
0:0000.0/ X joint prob         |10> = 0.282834894
0:0000.0/ X joint prob         |11> = 0.079016375
0:0000.0/CSV,1,2.25,4,0.48582,0.28283,0.15233,0.07902
0:0000.0/ 0: MEASURED a 1 for r =   5 (1/2^2.50) 
0:0000.0/================== Final probs:
0:0000.0/PE joint prob       |0000> = 0.500208365
0:0000.0/PE joint prob       |0010> = 0.032083394
0:0000.0/PE joint prob       |0100> = 0.073253819
0:0000.0/PE joint prob       |0110> = 0.032083394
0:0000.0/PE joint prob       |1000> = 0.278107928
0:0000.0/PE joint prob       |1010> = 0.005504640
0:0000.0/PE joint prob       |1100> = 0.073253819
0:0000.0/PE joint prob       |1110> = 0.005504640
0:0000.0/ X joint prob         |00> = 0.500208365
0:0000.0/ X joint prob         |01> = 0.146507638
0:0000.0/ X joint prob         |10> = 0.278107928
0:0000.0/ X joint prob         |11> = 0.075176069
0:0000.0/CSV,1,2.50,0,0.50021,0.27811,0.14651,0.07518
0:0000.0/58: MEASURED a 1 for r =   6 (1/2^2.75) 
0:0000.0/================== Final probs:
0:0000.0/PE joint prob       |0000> = 0.510147054
0:0000.0/PE joint prob       |0010> = 0.030973230
0:0000.0/PE joint prob       |0100> = 0.071260604
0:0000.0/PE joint prob       |0110> = 0.030973230
0:0000.0/PE joint prob       |1000> = 0.274756945
0:0000.0/PE joint prob       |1010> = 0.005314166
0:0000.0/PE joint prob       |1100> = 0.071260604
0:0000.0/PE joint prob       |1110> = 0.005314166
0:0000.0/ X joint prob         |00> = 0.510147054
0:0000.0/ X joint prob         |01> = 0.142521208
0:0000.0/ X joint prob         |10> = 0.274756945
0:0000.0/ X joint prob         |11> = 0.072574793
0:0000.0/CSV,1,2.75,58,0.51015,0.27476,0.14252,0.07257
0:0000.0/ 0: MEASURED a 1 for r =   7 (1/2^3.00) 
0:0000.0/================== Final probs:
0:0000.0/PE joint prob       |0000> = 0.517056355
0:0000.0/PE joint prob       |0010> = 0.030211870
0:0000.0/PE joint prob       |0100> = 0.069883416
0:0000.0/PE joint prob       |0110> = 0.030211870
0:0000.0/PE joint prob       |1000> = 0.272385998
0:0000.0/PE joint prob       |1010> = 0.005183537
0:0000.0/PE joint prob       |1100> = 0.069883416
0:0000.0/PE joint prob       |1110> = 0.005183537
0:0000.0/ X joint prob         |00> = 0.517056355
0:0000.0/ X joint prob         |01> = 0.139766833
0:0000.0/ X joint prob         |10> = 0.272385998
0:0000.0/ X joint prob         |11> = 0.070790814
0:0000.0/CSV,1,3.00,0,0.51706,0.27239,0.13977,0.07079
0:0000.0/ 0: MEASURED a 1 for r =   8 (1/2^3.25) 
0:0000.0/================== Final probs:
0:0000.0/PE joint prob       |0000> = 0.521882803
0:0000.0/PE joint prob       |0010> = 0.029685070
0:0000.0/PE joint prob       |0100> = 0.068925531
0:0000.0/PE joint prob       |0110> = 0.029685070
0:0000.0/PE joint prob       |1000> = 0.270709690
0:0000.0/PE joint prob       |1010> = 0.005093153
0:0000.0/PE joint prob       |1100> = 0.068925531
0:0000.0/PE joint prob       |1110> = 0.005093153
0:0000.0/ X joint prob         |00> = 0.521882803
0:0000.0/ X joint prob         |01> = 0.137851061
0:0000.0/ X joint prob         |10> = 0.270709690
0:0000.0/ X joint prob         |11> = 0.069556446
0:0000.0/CSV,1,3.25,0,0.52188,0.27071,0.13785,0.06956
0:0000.0/29: MEASURED a 1 for r =   9 (1/2^3.50) 
0:0000.0/================== Final probs:
0:0000.0/PE joint prob       |0000> = 0.525266071
0:0000.0/PE joint prob       |0010> = 0.029318257
0:0000.0/PE joint prob       |0100> = 0.068256102
0:0000.0/PE joint prob       |0110> = 0.029318257
0:0000.0/PE joint prob       |1000> = 0.269524777
0:0000.0/PE joint prob       |1010> = 0.005030218
0:0000.0/PE joint prob       |1100> = 0.068256102
0:0000.0/PE joint prob       |1110> = 0.005030218
0:0000.0/ X joint prob         |00> = 0.525266071
0:0000.0/ X joint prob         |01> = 0.136512204
0:0000.0/ X joint prob         |10> = 0.269524777
0:0000.0/ X joint prob         |11> = 0.068696949
0:0000.0/CSV,1,3.50,29,0.52527,0.26952,0.13651,0.06870
0:0000.1/129: MEASURED a 1 for r =  10 (1/2^3.75) 
0:0000.1/================== Final probs:
0:0000.1/PE joint prob       |0000> = 0.527643647
0:0000.1/PE joint prob       |0010> = 0.029061694
0:0000.1/PE joint prob       |0100> = 0.067786670
0:0000.1/PE joint prob       |0110> = 0.029061694
0:0000.1/PE joint prob       |1000> = 0.268687230
0:0000.1/PE joint prob       |1010> = 0.004986198
0:0000.1/PE joint prob       |1100> = 0.067786670
0:0000.1/PE joint prob       |1110> = 0.004986198
0:0000.1/ X joint prob         |00> = 0.527643647
0:0000.1/ X joint prob         |01> = 0.135573339
0:0000.1/ X joint prob         |10> = 0.268687230
0:0000.1/ X joint prob         |11> = 0.068095784
0:0000.1/CSV,1,3.75,129,0.52764,0.26869,0.13557,0.06810
0:0000.1/109: MEASURED a 1 for r =  11 (1/2^4.00) 
0:0000.1/================== Final probs:
0:0000.1/PE joint prob       |0000> = 0.529317478
0:0000.1/PE joint prob       |0010> = 0.028881671
0:0000.1/PE joint prob       |0100> = 0.067456684
0:0000.1/PE joint prob       |0110> = 0.028881671
0:0000.1/PE joint prob       |1000> = 0.268095188
0:0000.1/PE joint prob       |1010> = 0.004955311
0:0000.1/PE joint prob       |1100> = 0.067456684
0:0000.1/PE joint prob       |1110> = 0.004955311
0:0000.1/ X joint prob         |00> = 0.529317478
0:0000.1/ X joint prob         |01> = 0.134913369
0:0000.1/ X joint prob         |10> = 0.268095188
0:0000.1/ X joint prob         |11> = 0.067673965
0:0000.1/CSV,1,4.00,109,0.52932,0.26810,0.13491,0.06767
0:0000.1/ 0: MEASURED a 1 for r =  12 (1/2^4.25) 
0:0000.1/================== Final probs:
0:0000.1/PE joint prob       |0000> = 0.530497373
0:0000.1/PE joint prob       |0010> = 0.028755070
0:0000.1/PE joint prob       |0100> = 0.067224323
0:0000.1/PE joint prob       |0110> = 0.028755070
0:0000.1/PE joint prob       |1000> = 0.267676661
0:0000.1/PE joint prob       |1010> = 0.004933590
0:0000.1/PE joint prob       |1100> = 0.067224323
0:0000.1/PE joint prob       |1110> = 0.004933590
0:0000.1/ X joint prob         |00> = 0.530497373
0:0000.1/ X joint prob         |01> = 0.134448647
0:0000.1/ X joint prob         |10> = 0.267676661
0:0000.1/ X joint prob         |11> = 0.067377319
0:0000.1/CSV,1,4.25,0,0.53050,0.26768,0.13445,0.06738
0:0000.1/ 0: MEASURED a 1 for r =  13 (1/2^4.50) 
0:0000.1/================== Final probs:
0:0000.1/PE joint prob       |0000> = 0.531329845
0:0000.1/PE joint prob       |0010> = 0.028665894
0:0000.1/PE joint prob       |0100> = 0.067060505
0:0000.1/PE joint prob       |0110> = 0.028665894
0:0000.1/PE joint prob       |1000> = 0.267380776
0:0000.1/PE joint prob       |1010> = 0.004918290
0:0000.1/PE joint prob       |1100> = 0.067060505
0:0000.1/PE joint prob       |1110> = 0.004918290
0:0000.1/ X joint prob         |00> = 0.531329845
0:0000.1/ X joint prob         |01> = 0.134121010
0:0000.1/ X joint prob         |10> = 0.267380776
0:0000.1/ X joint prob         |11> = 0.067168368
0:0000.1/CSV,1,4.50,0,0.53133,0.26738,0.13412,0.06717
0:0000.1/499: MEASURED a 0 for r =  14 (1/2^4.75)    (#### DIDN'T CONVERGE, GIVING UP!!!!! ####)
0:0000.1/================== Final probs:
0:0000.1/PE joint prob       |0000> = 0.246374550
0:0000.1/PE joint prob       |0010> = 0.107698424
0:0000.1/PE joint prob       |0100> = 0.125746586
0:0000.1/PE joint prob       |0110> = 0.107698424
0:0000.1/PE joint prob       |1000> = 0.249779174
0:0000.1/PE joint prob       |1010> = 0.018478128
0:0000.1/PE joint prob       |1100> = 0.125746586
0:0000.1/PE joint prob       |1110> = 0.018478128
0:0000.1/ X joint prob         |00> = 0.246374550
0:0000.1/ X joint prob         |01> = 0.251493173
0:0000.1/ X joint prob         |10> = 0.249779174
0:0000.1/ X joint prob         |11> = 0.252353103
0:0000.1/CSV,0,4.75,499,0.24637,0.24978,0.25149,0.25235
0:0000.1/41: MEASURED a 1 for r =  15 (1/2^5.00) 
0:0000.1/================== Final probs:
0:0000.1/PE joint prob       |0000> = 0.532332699
0:0000.1/PE joint prob       |0010> = 0.028558630
0:0000.1/PE joint prob       |0100> = 0.066863294
0:0000.1/PE joint prob       |0110> = 0.028558630
0:0000.1/PE joint prob       |1000> = 0.267023682
0:0000.1/PE joint prob       |1010> = 0.004899886
0:0000.1/PE joint prob       |1100> = 0.066863294
0:0000.1/PE joint prob       |1110> = 0.004899886
0:0000.1/ X joint prob         |00> = 0.532332699
0:0000.1/ X joint prob         |01> = 0.133726588
0:0000.1/ X joint prob         |10> = 0.267023682
0:0000.1/ X joint prob         |11> = 0.066917032
0:0000.1/CSV,1,5.00,41,0.53233,0.26702,0.13373,0.06692
0:0000.1/ 0: MEASURED a 1 for r =  16 (1/2^5.25) 
0:0000.1/================== Final probs:
0:0000.1/PE joint prob       |0000> = 0.532626007
0:0000.1/PE joint prob       |0010> = 0.028527291
0:0000.1/PE joint prob       |0100> = 0.066805643
0:0000.1/PE joint prob       |0110> = 0.028527291
0:0000.1/PE joint prob       |1000> = 0.266919106
0:0000.1/PE joint prob       |1010> = 0.004894509
0:0000.1/PE joint prob       |1100> = 0.066805643
0:0000.1/PE joint prob       |1110> = 0.004894509
0:0000.1/ X joint prob         |00> = 0.532626007
0:0000.1/ X joint prob         |01> = 0.133611285
0:0000.1/ X joint prob         |10> = 0.266919106
0:0000.1/ X joint prob         |11> = 0.066843602
0:0000.1/CSV,1,5.25,0,0.53263,0.26692,0.13361,0.06684
0:0000.1/ 0: MEASURED a 1 for r =  17 (1/2^5.50) 
0:0000.1/================== Final probs:
0:0000.1/PE joint prob       |0000> = 0.532833293
0:0000.1/PE joint prob       |0010> = 0.028505153
0:0000.1/PE joint prob       |0100> = 0.066764907
0:0000.1/PE joint prob       |0110> = 0.028505153
0:0000.1/PE joint prob       |1000> = 0.266845164
0:0000.1/PE joint prob       |1010> = 0.004890711
0:0000.1/PE joint prob       |1100> = 0.066764907
0:0000.1/PE joint prob       |1110> = 0.004890711
0:0000.1/ X joint prob         |00> = 0.532833293
0:0000.1/ X joint prob         |01> = 0.133529815
0:0000.1/ X joint prob         |10> = 0.266845164
0:0000.1/ X joint prob         |11> = 0.066791728
0:0000.1/CSV,1,5.50,0,0.53283,0.26685,0.13353,0.06679
0:0000.1/489: MEASURED a 1 for r =  18 (1/2^5.75) 
0:0000.1/================== Final probs:
0:0000.1/PE joint prob       |0000> = 0.532979809
0:0000.1/PE joint prob       |0010> = 0.028489510
0:0000.1/PE joint prob       |0100> = 0.066736118
0:0000.1/PE joint prob       |0110> = 0.028489510
0:0000.1/PE joint prob       |1000> = 0.266792881
0:0000.1/PE joint prob       |1010> = 0.004888027
0:0000.1/PE joint prob       |1100> = 0.066736118
0:0000.1/PE joint prob       |1110> = 0.004888027
0:0000.1/ X joint prob         |00> = 0.532979809
0:0000.1/ X joint prob         |01> = 0.133472236
0:0000.1/ X joint prob         |10> = 0.266792881
0:0000.1/ X joint prob         |11> = 0.066755074
0:0000.1/CSV,1,5.75,489,0.53298,0.26679,0.13347,0.06676
0:0000.1/ 0: MEASURED a 1 for r =  19 (1/2^6.00) 
0:0000.1/================== Final probs:
0:0000.1/PE joint prob       |0000> = 0.533083383
0:0000.1/PE joint prob       |0010> = 0.028478453
0:0000.1/PE joint prob       |0100> = 0.066715769
0:0000.1/PE joint prob       |0110> = 0.028478453
0:0000.1/PE joint prob       |1000> = 0.266755913
0:0000.1/PE joint prob       |1010> = 0.004886130
0:0000.1/PE joint prob       |1100> = 0.066715769
0:0000.1/PE joint prob       |1110> = 0.004886130
0:0000.1/ X joint prob         |00> = 0.533083383
0:0000.1/ X joint prob         |01> = 0.133431537
0:0000.1/ X joint prob         |10> = 0.266755913
0:0000.1/ X joint prob         |11> = 0.066729167
0:0000.1/CSV,1,6.00,0,0.53308,0.26676,0.13343,0.06673
0:0000.1/499: MEASURED a 0 for r =  20 (1/2^6.25)    (#### DIDN'T CONVERGE, GIVING UP!!!!! ####)
0:0000.1/================== Final probs:
0:0000.1/PE joint prob       |0000> = 0.249547345
0:0000.1/PE joint prob       |0010> = 0.106819222
0:0000.1/PE joint prob       |0100> = 0.125093196
0:0000.1/PE joint prob       |0110> = 0.106819222
0:0000.1/PE joint prob       |1000> = 0.249973256
0:0000.1/PE joint prob       |1010> = 0.018327281
0:0000.1/PE joint prob       |1100> = 0.125093196
0:0000.1/PE joint prob       |1110> = 0.018327281
0:0000.1/ X joint prob         |00> = 0.249547345
0:0000.1/ X joint prob         |01> = 0.250186393
0:0000.1/ X joint prob         |10> = 0.249973256
0:0000.1/ X joint prob         |11> = 0.250293006
0:0000.1/CSV,0,6.25,499,0.24955,0.24997,0.25019,0.25029
0:0000.2/499: MEASURED a 0 for r =  21 (1/2^6.50)    (#### DIDN'T CONVERGE, GIVING UP!!!!! ####)
0:0000.2/================== Final probs:
0:0000.2/PE joint prob       |0000> = 0.249679941
0:0000.2/PE joint prob       |0010> = 0.106782582
0:0000.2/PE joint prob       |0100> = 0.125065896
0:0000.2/PE joint prob       |0110> = 0.106782582
0:0000.2/PE joint prob       |1000> = 0.249981114
0:0000.2/PE joint prob       |1010> = 0.018320995
0:0000.2/PE joint prob       |1100> = 0.125065896
0:0000.2/PE joint prob       |1110> = 0.018320995
0:0000.2/ X joint prob         |00> = 0.249679941
0:0000.2/ X joint prob         |01> = 0.250131792
0:0000.2/ X joint prob         |10> = 0.249981114
0:0000.2/ X joint prob         |11> = 0.250207153
0:0000.2/CSV,0,6.50,499,0.24968,0.24998,0.25013,0.25021
0:0000.2/499: MEASURED a 0 for r =  22 (1/2^6.75)    (#### DIDN'T CONVERGE, GIVING UP!!!!! ####)
0:0000.2/================== Final probs:
0:0000.2/PE joint prob       |0000> = 0.249773692
0:0000.2/PE joint prob       |0010> = 0.106756681
0:0000.2/PE joint prob       |0100> = 0.125046594
0:0000.2/PE joint prob       |0110> = 0.106756681
0:0000.2/PE joint prob       |1000> = 0.249986658
0:0000.2/PE joint prob       |1010> = 0.018316551
0:0000.2/PE joint prob       |1100> = 0.125046594
0:0000.2/PE joint prob       |1110> = 0.018316551
0:0000.2/ X joint prob         |00> = 0.249773692
0:0000.2/ X joint prob         |01> = 0.250093187
0:0000.2/ X joint prob         |10> = 0.249986658
0:0000.2/ X joint prob         |11> = 0.250146463
0:0000.2/CSV,0,6.75,499,0.24977,0.24999,0.25009,0.25015
0:0000.2/499: MEASURED a 0 for r =  23 (1/2^7.00)    (#### DIDN'T CONVERGE, GIVING UP!!!!! ####)
0:0000.2/================== Final probs:
0:0000.2/PE joint prob       |0000> = 0.249839980
0:0000.2/PE joint prob       |0010> = 0.106738369
0:0000.2/PE joint prob       |0100> = 0.125032946
0:0000.2/PE joint prob       |0110> = 0.106738369
0:0000.2/PE joint prob       |1000> = 0.249990572
0:0000.2/PE joint prob       |1010> = 0.018313409
0:0000.2/PE joint prob       |1100> = 0.125032946
0:0000.2/PE joint prob       |1110> = 0.018313409
0:0000.2/ X joint prob         |00> = 0.249839980
0:0000.2/ X joint prob         |01> = 0.250065891
0:0000.2/ X joint prob         |10> = 0.249990572
0:0000.2/ X joint prob         |11> = 0.250103556
0:0000.2/CSV,0,7.00,499,0.24984,0.24999,0.25007,0.25010
0:0000.2/499: MEASURED a 0 for r =  24 (1/2^7.25)    (#### DIDN'T CONVERGE, GIVING UP!!!!! ####)
0:0000.2/================== Final probs:
0:0000.2/PE joint prob       |0000> = 0.249886851
0:0000.2/PE joint prob       |0010> = 0.106725423
0:0000.2/PE joint prob       |0100> = 0.125023296
0:0000.2/PE joint prob       |0110> = 0.106725423
0:0000.2/PE joint prob       |1000> = 0.249993337
0:0000.2/PE joint prob       |1010> = 0.018311188
0:0000.2/PE joint prob       |1100> = 0.125023296
0:0000.2/PE joint prob       |1110> = 0.018311188
0:0000.2/ X joint prob         |00> = 0.249886851
0:0000.2/ X joint prob         |01> = 0.250046591
0:0000.2/ X joint prob         |10> = 0.249993337
0:0000.2/ X joint prob         |11> = 0.250073221
0:0000.2/CSV,0,7.25,499,0.24989,0.24999,0.25005,0.25007
0:0000.2/Done
0:0000.2/=============== Logging to: Liquid.log closed ================
